<?xml version="1.0" encoding="UTF-8"?>
<!-- Generated by org.testng.reporters.JUnitReportReporter -->
<testsuite hostname="CBT-025" name="delta.main.DeltaDriver" tests="2" failures="0" timestamp="4 Sep 2016 10:42:44 GMT" time="26.055" errors="0">
  <testcase name="testScenarios" time="14.212" classname="delta.main.DeltaDriver"/>
  <testcase name="testScenarios" time="11.843" classname="delta.main.DeltaDriver"/>
</testsuite> <!-- delta.main.DeltaDriver -->
